{"level":"info","message":"Hello from Acquisitions!","service":"acquisitions-api"}
{"level":"info","message":"::1 - - [11/Feb/2026:14:59:21 +0000] \"GET / HTTP/1.1\" 304 - \"-\" \"Mozilla/5.0 (Windows NT 10.0; Win64; x64) AppleWebKit/537.36 (KHTML, like Gecko) Chrome/144.0.0.0 Safari/537.36 Edg/144.0.0.0\"","service":"acquisitions-api"}
{"level":"info","message":"::1 - - [11/Feb/2026:14:59:22 +0000] \"GET /favicon.ico HTTP/1.1\" 404 150 \"-\" \"Mozilla/5.0 (Windows NT 10.0; Win64; x64) AppleWebKit/537.36 (KHTML, like Gecko) Chrome/144.0.0.0 Safari/537.36 Edg/144.0.0.0\"","service":"acquisitions-api"}
{"level":"info","message":"Hello from Acquisitions!","service":"acquisitions-api"}
{"level":"info","message":"::1 - - [11/Feb/2026:15:46:46 +0000] \"GET / HTTP/1.1\" 304 - \"-\" \"Mozilla/5.0 (Windows NT 10.0; Win64; x64) AppleWebKit/537.36 (KHTML, like Gecko) Chrome/144.0.0.0 Safari/537.36 Edg/144.0.0.0\"","service":"acquisitions-api"}
{"level":"info","message":"Hello from Acquisitions!","service":"acquisitions-api"}
{"level":"info","message":"::1 - - [11/Feb/2026:18:51:40 +0000] \"GET / HTTP/1.1\" 200 24 \"-\" \"HTTPie\"","service":"acquisitions-api"}
{"level":"info","message":"::1 - - [11/Feb/2026:18:52:34 +0000] \"GET /api HTTP/1.1\" 200 42 \"-\" \"HTTPie\"","service":"acquisitions-api"}
{"level":"info","message":"::1 - - [11/Feb/2026:18:52:57 +0000] \"GET /health HTTP/1.1\" 200 77 \"-\" \"HTTPie\"","service":"acquisitions-api"}
{"level":"info","message":"::1 - - [11/Feb/2026:19:31:22 +0000] \"POST /api/auth/sign-up HTTP/1.1\" 200 31 \"-\" \"HTTPie\"","service":"acquisitions-api"}
{"level":"info","message":"::1 - - [11/Feb/2026:19:45:37 +0000] \"POST /api/auth/sign-up HTTP/1.1\" 400 92 \"-\" \"HTTPie\"","service":"acquisitions-api"}
{"level":"info","message":"::1 - - [11/Feb/2026:19:47:11 +0000] \"POST /api/auth/sign-up?email=ontact%40gmail.com&name=tharaka&password=123456 HTTP/1.1\" 400 92 \"-\" \"HTTPie\"","service":"acquisitions-api"}
{"level":"info","message":"User registered successfully","service":"acquisitions-api"}
{"level":"info","message":"::1 - - [11/Feb/2026:19:48:05 +0000] \"POST /api/auth/sign-up?email=ontact%40gmail.com&name=tharaka&password=123456 HTTP/1.1\" 201 104 \"-\" \"HTTPie\"","service":"acquisitions-api"}
{"level":"info","message":"Hello from Acquisitions!","service":"acquisitions-api"}
{"level":"info","message":"::1 - - [12/Feb/2026:12:24:52 +0000] \"GET / HTTP/1.1\" 304 - \"-\" \"Mozilla/5.0 (Windows NT 10.0; Win64; x64) AppleWebKit/537.36 (KHTML, like Gecko) Chrome/144.0.0.0 Safari/537.36 Edg/144.0.0.0\"","service":"acquisitions-api"}
{"level":"info","message":"::1 - - [12/Feb/2026:12:24:53 +0000] \"GET /favicon.ico HTTP/1.1\" 404 150 \"-\" \"Mozilla/5.0 (Windows NT 10.0; Win64; x64) AppleWebKit/537.36 (KHTML, like Gecko) Chrome/144.0.0.0 Safari/537.36 Edg/144.0.0.0\"","service":"acquisitions-api"}
{"level":"error","message":"Signup error createUser is not defined","service":"acquisitions-api","stack":"ReferenceError: createUser is not defined\n    at signup (file:///C:/acquisitions/src/controllers/auth.controller.js:18:22)\n    at Layer.handleRequest (C:\\acquisitions\\node_modules\\router\\lib\\layer.js:152:17)\n    at next (C:\\acquisitions\\node_modules\\router\\lib\\route.js:157:13)\n    at Route.dispatch (C:\\acquisitions\\node_modules\\router\\lib\\route.js:117:3)\n    at handle (C:\\acquisitions\\node_modules\\router\\index.js:435:11)\n    at Layer.handleRequest (C:\\acquisitions\\node_modules\\router\\lib\\layer.js:152:17)\n    at C:\\acquisitions\\node_modules\\router\\index.js:295:15\n    at processParams (C:\\acquisitions\\node_modules\\router\\index.js:582:12)\n    at next (C:\\acquisitions\\node_modules\\router\\index.js:291:5)\n    at Function.handle (C:\\acquisitions\\node_modules\\router\\index.js:186:3)"}
{"level":"info","message":"::1 - - [12/Feb/2026:12:24:57 +0000] \"POST /api/auth/sign-up?email=ontact%40gmail.com&name=tharaka&password=123456 HTTP/1.1\" 500 1041 \"-\" \"HTTPie\"","service":"acquisitions-api"}
{"level":"error","message":"Signup error createUser is not defined","service":"acquisitions-api","stack":"ReferenceError: createUser is not defined\n    at signup (file:///C:/acquisitions/src/controllers/auth.controller.js:18:22)\n    at Layer.handleRequest (C:\\acquisitions\\node_modules\\router\\lib\\layer.js:152:17)\n    at next (C:\\acquisitions\\node_modules\\router\\lib\\route.js:157:13)\n    at Route.dispatch (C:\\acquisitions\\node_modules\\router\\lib\\route.js:117:3)\n    at handle (C:\\acquisitions\\node_modules\\router\\index.js:435:11)\n    at Layer.handleRequest (C:\\acquisitions\\node_modules\\router\\lib\\layer.js:152:17)\n    at C:\\acquisitions\\node_modules\\router\\index.js:295:15\n    at processParams (C:\\acquisitions\\node_modules\\router\\index.js:582:12)\n    at next (C:\\acquisitions\\node_modules\\router\\index.js:291:5)\n    at Function.handle (C:\\acquisitions\\node_modules\\router\\index.js:186:3)"}
{"level":"info","message":"::1 - - [12/Feb/2026:12:25:43 +0000] \"POST /api/auth/sign-up?email=ontact%40gmail.com&name=tharaka&password=123456 HTTP/1.1\" 500 1041 \"-\" \"HTTPie\"","service":"acquisitions-api"}
{"level":"error","message":"Signup error createUser is not defined","service":"acquisitions-api","stack":"ReferenceError: createUser is not defined\n    at signup (file:///C:/acquisitions/src/controllers/auth.controller.js:18:22)\n    at Layer.handleRequest (C:\\acquisitions\\node_modules\\router\\lib\\layer.js:152:17)\n    at next (C:\\acquisitions\\node_modules\\router\\lib\\route.js:157:13)\n    at Route.dispatch (C:\\acquisitions\\node_modules\\router\\lib\\route.js:117:3)\n    at handle (C:\\acquisitions\\node_modules\\router\\index.js:435:11)\n    at Layer.handleRequest (C:\\acquisitions\\node_modules\\router\\lib\\layer.js:152:17)\n    at C:\\acquisitions\\node_modules\\router\\index.js:295:15\n    at processParams (C:\\acquisitions\\node_modules\\router\\index.js:582:12)\n    at next (C:\\acquisitions\\node_modules\\router\\index.js:291:5)\n    at Function.handle (C:\\acquisitions\\node_modules\\router\\index.js:186:3)"}
{"level":"info","message":"::1 - - [12/Feb/2026:12:28:04 +0000] \"POST /api/auth/sign-up?email=ontact%40gmail.com&name=tharaka&password=123456 HTTP/1.1\" 500 1041 \"-\" \"HTTPie\"","service":"acquisitions-api"}
{"level":"error","message":"Signup error createUser is not defined","service":"acquisitions-api","stack":"ReferenceError: createUser is not defined\n    at signup (file:///C:/acquisitions/src/controllers/auth.controller.js:18:22)\n    at Layer.handleRequest (C:\\acquisitions\\node_modules\\router\\lib\\layer.js:152:17)\n    at next (C:\\acquisitions\\node_modules\\router\\lib\\route.js:157:13)\n    at Route.dispatch (C:\\acquisitions\\node_modules\\router\\lib\\route.js:117:3)\n    at handle (C:\\acquisitions\\node_modules\\router\\index.js:435:11)\n    at Layer.handleRequest (C:\\acquisitions\\node_modules\\router\\lib\\layer.js:152:17)\n    at C:\\acquisitions\\node_modules\\router\\index.js:295:15\n    at processParams (C:\\acquisitions\\node_modules\\router\\index.js:582:12)\n    at next (C:\\acquisitions\\node_modules\\router\\index.js:291:5)\n    at Function.handle (C:\\acquisitions\\node_modules\\router\\index.js:186:3)"}
{"level":"info","message":"::1 - - [12/Feb/2026:12:32:56 +0000] \"POST /api/auth/sign-up?email=ontact%40gmail.com&name=tharaka&password=123456 HTTP/1.1\" 500 1041 \"-\" \"HTTPie\"","service":"acquisitions-api"}
{"level":"info","message":"User smart@gmail.com created successfully","service":"acquisitions-api"}
{"level":"info","message":"User registered successfully: smart@gmail.com","service":"acquisitions-api"}
{"level":"info","message":"::1 - - [12/Feb/2026:12:36:00 +0000] \"POST /api/auth/sign-up?email=ontact%40gmail.com&name=tharaka&password=123456 HTTP/1.1\" 201 102 \"-\" \"HTTPie\"","service":"acquisitions-api"}
{"level":"info","message":"User smart@gmail.com authenticated successfully","service":"acquisitions-api"}
{"level":"info","message":"User signed in successfully: smart@gmail.com","service":"acquisitions-api"}
{"level":"info","message":"::1 - - [12/Feb/2026:14:45:44 +0000] \"POST /api/auth/sign-in?email=ontact%40gmail.com&name=tharaka&password=123456 HTTP/1.1\" 200 114 \"-\" \"HTTPie\"","service":"acquisitions-api"}
{"level":"info","message":"User signed out successfully","service":"acquisitions-api"}
{"level":"info","message":"::1 - - [12/Feb/2026:14:46:37 +0000] \"POST /api/auth/sign-out?email=ontact%40gmail.com&name=tharaka&password=123456 HTTP/1.1\" 200 42 \"-\" \"HTTPie\"","service":"acquisitions-api"}
{"level":"info","message":"::1 - - [12/Feb/2026:17:58:30 +0000] \"GET /health?email=ontact%40gmail.com&name=tharaka&password=123456 HTTP/1.1\" 200 73 \"-\" \"HTTPie\"","service":"acquisitions-api"}
{"level":"info","message":"::1 - - [12/Feb/2026:17:58:35 +0000] \"GET /health?email=ontact%40gmail.com&name=tharaka&password=123456 HTTP/1.1\" 200 73 \"-\" \"HTTPie\"","service":"acquisitions-api"}
{"level":"info","message":"::1 - - [12/Feb/2026:17:58:36 +0000] \"GET /health?email=ontact%40gmail.com&name=tharaka&password=123456 HTTP/1.1\" 200 73 \"-\" \"HTTPie\"","service":"acquisitions-api"}
{"level":"info","message":"::1 - - [12/Feb/2026:17:58:36 +0000] \"GET /health?email=ontact%40gmail.com&name=tharaka&password=123456 HTTP/1.1\" 200 73 \"-\" \"HTTPie\"","service":"acquisitions-api"}
{"level":"info","message":"::1 - - [12/Feb/2026:17:58:36 +0000] \"GET /health?email=ontact%40gmail.com&name=tharaka&password=123456 HTTP/1.1\" 200 74 \"-\" \"HTTPie\"","service":"acquisitions-api"}
{"level":"info","message":"::1 - - [12/Feb/2026:17:58:37 +0000] \"GET /health?email=ontact%40gmail.com&name=tharaka&password=123456 HTTP/1.1\" 200 74 \"-\" \"HTTPie\"","service":"acquisitions-api"}
{"level":"info","message":"::1 - - [12/Feb/2026:17:58:37 +0000] \"GET /health?email=ontact%40gmail.com&name=tharaka&password=123456 HTTP/1.1\" 200 74 \"-\" \"HTTPie\"","service":"acquisitions-api"}
{"level":"info","message":"::1 - - [12/Feb/2026:17:58:37 +0000] \"GET /health?email=ontact%40gmail.com&name=tharaka&password=123456 HTTP/1.1\" 200 74 \"-\" \"HTTPie\"","service":"acquisitions-api"}
{"ip":"::1","level":"warn","message":"Rate limit exceeded","path":"/health","service":"acquisitions-api","userAgent":"HTTPie"}
{"ip":"::1","level":"warn","message":"Rate limit exceeded","path":"/health","service":"acquisitions-api","userAgent":"HTTPie"}
{"ip":"::1","level":"warn","message":"Rate limit exceeded","path":"/health","service":"acquisitions-api","userAgent":"HTTPie"}
{"ip":"::1","level":"warn","message":"Rate limit exceeded","path":"/health","service":"acquisitions-api","userAgent":"HTTPie"}
{"level":"info","message":"::1 - - [13/Feb/2026:06:54:16 +0000] \"GET /health HTTP/1.1\" 200 75 \"-\" \"-\"","service":"acquisitions-api"}
{"level":"info","message":"::1 - - [13/Feb/2026:06:54:46 +0000] \"GET /health HTTP/1.1\" 200 76 \"-\" \"-\"","service":"acquisitions-api"}
{"level":"info","message":"::1 - - [13/Feb/2026:06:55:16 +0000] \"GET /health HTTP/1.1\" 200 76 \"-\" \"-\"","service":"acquisitions-api"}
{"level":"info","message":"::1 - - [13/Feb/2026:06:55:46 +0000] \"GET /health HTTP/1.1\" 200 76 \"-\" \"-\"","service":"acquisitions-api"}
{"level":"info","message":"::1 - - [13/Feb/2026:06:56:17 +0000] \"GET /health HTTP/1.1\" 200 77 \"-\" \"-\"","service":"acquisitions-api"}
{"level":"info","message":"::1 - - [13/Feb/2026:06:56:47 +0000] \"GET /health HTTP/1.1\" 200 76 \"-\" \"-\"","service":"acquisitions-api"}
{"level":"info","message":"::1 - - [13/Feb/2026:06:57:17 +0000] \"GET /health HTTP/1.1\" 200 76 \"-\" \"-\"","service":"acquisitions-api"}
{"level":"info","message":"::1 - - [13/Feb/2026:06:57:47 +0000] \"GET /health HTTP/1.1\" 200 76 \"-\" \"-\"","service":"acquisitions-api"}
{"level":"info","message":"::1 - - [13/Feb/2026:06:58:17 +0000] \"GET /health HTTP/1.1\" 200 77 \"-\" \"-\"","service":"acquisitions-api"}
{"level":"info","message":"::1 - - [13/Feb/2026:06:58:48 +0000] \"GET /health HTTP/1.1\" 200 77 \"-\" \"-\"","service":"acquisitions-api"}
{"level":"info","message":"::1 - - [13/Feb/2026:06:59:18 +0000] \"GET /health HTTP/1.1\" 200 77 \"-\" \"-\"","service":"acquisitions-api"}
{"level":"info","message":"::1 - - [13/Feb/2026:06:59:48 +0000] \"GET /health HTTP/1.1\" 200 76 \"-\" \"-\"","service":"acquisitions-api"}
{"level":"info","message":"::1 - - [13/Feb/2026:07:00:19 +0000] \"GET /health HTTP/1.1\" 200 77 \"-\" \"-\"","service":"acquisitions-api"}
{"level":"info","message":"::1 - - [13/Feb/2026:07:00:49 +0000] \"GET /health HTTP/1.1\" 200 77 \"-\" \"-\"","service":"acquisitions-api"}
{"level":"info","message":"::1 - - [13/Feb/2026:07:01:19 +0000] \"GET /health HTTP/1.1\" 200 77 \"-\" \"-\"","service":"acquisitions-api"}
{"level":"info","message":"::1 - - [13/Feb/2026:07:01:49 +0000] \"GET /health HTTP/1.1\" 200 77 \"-\" \"-\"","service":"acquisitions-api"}
{"level":"info","message":"::1 - - [13/Feb/2026:07:02:20 +0000] \"GET /health HTTP/1.1\" 200 77 \"-\" \"-\"","service":"acquisitions-api"}
{"level":"info","message":"::1 - - [13/Feb/2026:07:02:50 +0000] \"GET /health HTTP/1.1\" 200 77 \"-\" \"-\"","service":"acquisitions-api"}
{"level":"info","message":"::1 - - [13/Feb/2026:07:03:20 +0000] \"GET /health HTTP/1.1\" 200 77 \"-\" \"-\"","service":"acquisitions-api"}
{"level":"info","message":"::1 - - [13/Feb/2026:07:03:50 +0000] \"GET /health HTTP/1.1\" 200 77 \"-\" \"-\"","service":"acquisitions-api"}
{"level":"info","message":"::1 - - [13/Feb/2026:07:04:20 +0000] \"GET /health HTTP/1.1\" 200 77 \"-\" \"-\"","service":"acquisitions-api"}
{"level":"info","message":"::1 - - [13/Feb/2026:07:04:51 +0000] \"GET /health HTTP/1.1\" 200 77 \"-\" \"-\"","service":"acquisitions-api"}
{"level":"info","message":"::1 - - [13/Feb/2026:07:05:21 +0000] \"GET /health HTTP/1.1\" 200 77 \"-\" \"-\"","service":"acquisitions-api"}
{"level":"info","message":"::1 - - [13/Feb/2026:07:05:51 +0000] \"GET /health HTTP/1.1\" 200 77 \"-\" \"-\"","service":"acquisitions-api"}
{"level":"info","message":"::1 - - [13/Feb/2026:07:06:21 +0000] \"GET /health HTTP/1.1\" 200 77 \"-\" \"-\"","service":"acquisitions-api"}
{"level":"info","message":"::1 - - [13/Feb/2026:07:06:52 +0000] \"GET /health HTTP/1.1\" 200 77 \"-\" \"-\"","service":"acquisitions-api"}
{"level":"info","message":"::1 - - [13/Feb/2026:07:07:22 +0000] \"GET /health HTTP/1.1\" 200 77 \"-\" \"-\"","service":"acquisitions-api"}
{"level":"info","message":"::1 - - [13/Feb/2026:07:07:52 +0000] \"GET /health HTTP/1.1\" 200 77 \"-\" \"-\"","service":"acquisitions-api"}
{"level":"info","message":"::1 - - [13/Feb/2026:07:08:22 +0000] \"GET /health HTTP/1.1\" 200 77 \"-\" \"-\"","service":"acquisitions-api"}
{"level":"info","message":"::1 - - [13/Feb/2026:07:08:52 +0000] \"GET /health HTTP/1.1\" 200 76 \"-\" \"-\"","service":"acquisitions-api"}
{"level":"info","message":"::1 - - [13/Feb/2026:07:09:23 +0000] \"GET /health HTTP/1.1\" 200 77 \"-\" \"-\"","service":"acquisitions-api"}
{"level":"info","message":"::1 - - [13/Feb/2026:07:09:53 +0000] \"GET /health HTTP/1.1\" 200 77 \"-\" \"-\"","service":"acquisitions-api"}
{"level":"info","message":"::1 - - [13/Feb/2026:07:10:23 +0000] \"GET /health HTTP/1.1\" 200 77 \"-\" \"-\"","service":"acquisitions-api"}
{"level":"info","message":"::1 - - [13/Feb/2026:07:10:53 +0000] \"GET /health HTTP/1.1\" 200 78 \"-\" \"-\"","service":"acquisitions-api"}
{"level":"info","message":"::1 - - [13/Feb/2026:07:11:23 +0000] \"GET /health HTTP/1.1\" 200 77 \"-\" \"-\"","service":"acquisitions-api"}
{"level":"info","message":"::1 - - [13/Feb/2026:07:11:54 +0000] \"GET /health HTTP/1.1\" 200 78 \"-\" \"-\"","service":"acquisitions-api"}
{"level":"info","message":"::1 - - [13/Feb/2026:07:12:24 +0000] \"GET /health HTTP/1.1\" 200 78 \"-\" \"-\"","service":"acquisitions-api"}
{"level":"info","message":"::1 - - [13/Feb/2026:07:12:54 +0000] \"GET /health HTTP/1.1\" 200 78 \"-\" \"-\"","service":"acquisitions-api"}
{"level":"info","message":"::1 - - [13/Feb/2026:07:13:24 +0000] \"GET /health HTTP/1.1\" 200 78 \"-\" \"-\"","service":"acquisitions-api"}
{"level":"info","message":"::1 - - [13/Feb/2026:07:13:55 +0000] \"GET /health HTTP/1.1\" 200 78 \"-\" \"-\"","service":"acquisitions-api"}
{"level":"info","message":"::1 - - [13/Feb/2026:07:14:25 +0000] \"GET /health HTTP/1.1\" 200 78 \"-\" \"-\"","service":"acquisitions-api"}
{"level":"info","message":"::1 - - [13/Feb/2026:07:14:55 +0000] \"GET /health HTTP/1.1\" 200 78 \"-\" \"-\"","service":"acquisitions-api"}
{"level":"info","message":"::1 - - [13/Feb/2026:07:15:25 +0000] \"GET /health HTTP/1.1\" 200 78 \"-\" \"-\"","service":"acquisitions-api"}
{"level":"info","message":"::1 - - [13/Feb/2026:07:15:56 +0000] \"GET /health HTTP/1.1\" 200 78 \"-\" \"-\"","service":"acquisitions-api"}
{"level":"info","message":"::1 - - [13/Feb/2026:07:16:26 +0000] \"GET /health HTTP/1.1\" 200 78 \"-\" \"-\"","service":"acquisitions-api"}
{"level":"info","message":"::1 - - [13/Feb/2026:07:16:56 +0000] \"GET /health HTTP/1.1\" 200 78 \"-\" \"-\"","service":"acquisitions-api"}
{"level":"info","message":"::1 - - [13/Feb/2026:07:17:26 +0000] \"GET /health HTTP/1.1\" 200 78 \"-\" \"-\"","service":"acquisitions-api"}
{"level":"info","message":"::1 - - [13/Feb/2026:07:17:57 +0000] \"GET /health HTTP/1.1\" 200 78 \"-\" \"-\"","service":"acquisitions-api"}
{"level":"info","message":"::1 - - [13/Feb/2026:07:18:27 +0000] \"GET /health HTTP/1.1\" 200 78 \"-\" \"-\"","service":"acquisitions-api"}
{"level":"info","message":"::1 - - [13/Feb/2026:07:18:57 +0000] \"GET /health HTTP/1.1\" 200 78 \"-\" \"-\"","service":"acquisitions-api"}
{"level":"info","message":"::1 - - [13/Feb/2026:07:19:27 +0000] \"GET /health HTTP/1.1\" 200 78 \"-\" \"-\"","service":"acquisitions-api"}
{"level":"info","message":"::1 - - [13/Feb/2026:07:19:57 +0000] \"GET /health HTTP/1.1\" 200 77 \"-\" \"-\"","service":"acquisitions-api"}
{"level":"info","message":"::1 - - [13/Feb/2026:07:20:28 +0000] \"GET /health HTTP/1.1\" 200 78 \"-\" \"-\"","service":"acquisitions-api"}
{"level":"info","message":"::1 - - [13/Feb/2026:07:20:58 +0000] \"GET /health HTTP/1.1\" 200 78 \"-\" \"-\"","service":"acquisitions-api"}
{"level":"info","message":"::1 - - [13/Feb/2026:07:21:28 +0000] \"GET /health HTTP/1.1\" 200 78 \"-\" \"-\"","service":"acquisitions-api"}
{"level":"info","message":"::1 - - [13/Feb/2026:07:21:58 +0000] \"GET /health HTTP/1.1\" 200 77 \"-\" \"-\"","service":"acquisitions-api"}
{"level":"info","message":"::1 - - [13/Feb/2026:07:22:29 +0000] \"GET /health HTTP/1.1\" 200 78 \"-\" \"-\"","service":"acquisitions-api"}
{"level":"info","message":"::1 - - [13/Feb/2026:07:22:59 +0000] \"GET /health HTTP/1.1\" 200 78 \"-\" \"-\"","service":"acquisitions-api"}
{"level":"info","message":"::1 - - [13/Feb/2026:07:23:29 +0000] \"GET /health HTTP/1.1\" 200 78 \"-\" \"-\"","service":"acquisitions-api"}
{"level":"info","message":"::1 - - [13/Feb/2026:07:23:59 +0000] \"GET /health HTTP/1.1\" 200 78 \"-\" \"-\"","service":"acquisitions-api"}
{"level":"info","message":"::1 - - [13/Feb/2026:07:24:30 +0000] \"GET /health HTTP/1.1\" 200 78 \"-\" \"-\"","service":"acquisitions-api"}
{"level":"info","message":"::1 - - [13/Feb/2026:07:25:00 +0000] \"GET /health HTTP/1.1\" 200 78 \"-\" \"-\"","service":"acquisitions-api"}
{"level":"info","message":"::1 - - [13/Feb/2026:07:25:30 +0000] \"GET /health HTTP/1.1\" 200 78 \"-\" \"-\"","service":"acquisitions-api"}
{"level":"info","message":"::1 - - [13/Feb/2026:07:26:00 +0000] \"GET /health HTTP/1.1\" 200 78 \"-\" \"-\"","service":"acquisitions-api"}
{"level":"info","message":"::1 - - [13/Feb/2026:07:26:31 +0000] \"GET /health HTTP/1.1\" 200 78 \"-\" \"-\"","service":"acquisitions-api"}
{"level":"info","message":"::1 - - [13/Feb/2026:07:27:01 +0000] \"GET /health HTTP/1.1\" 200 78 \"-\" \"-\"","service":"acquisitions-api"}
{"level":"info","message":"::1 - - [13/Feb/2026:07:27:31 +0000] \"GET /health HTTP/1.1\" 200 78 \"-\" \"-\"","service":"acquisitions-api"}
{"level":"info","message":"::1 - - [13/Feb/2026:07:28:01 +0000] \"GET /health HTTP/1.1\" 200 78 \"-\" \"-\"","service":"acquisitions-api"}
{"level":"info","message":"::1 - - [13/Feb/2026:07:28:31 +0000] \"GET /health HTTP/1.1\" 200 77 \"-\" \"-\"","service":"acquisitions-api"}
{"level":"info","message":"::1 - - [13/Feb/2026:07:29:02 +0000] \"GET /health HTTP/1.1\" 200 78 \"-\" \"-\"","service":"acquisitions-api"}
{"level":"info","message":"::1 - - [13/Feb/2026:07:29:32 +0000] \"GET /health HTTP/1.1\" 200 78 \"-\" \"-\"","service":"acquisitions-api"}
{"level":"info","message":"::1 - - [13/Feb/2026:07:30:02 +0000] \"GET /health HTTP/1.1\" 200 78 \"-\" \"-\"","service":"acquisitions-api"}
{"level":"info","message":"::1 - - [13/Feb/2026:07:30:32 +0000] \"GET /health HTTP/1.1\" 200 78 \"-\" \"-\"","service":"acquisitions-api"}
{"level":"info","message":"::1 - - [13/Feb/2026:07:31:03 +0000] \"GET /health HTTP/1.1\" 200 78 \"-\" \"-\"","service":"acquisitions-api"}
{"level":"info","message":"::1 - - [13/Feb/2026:07:31:33 +0000] \"GET /health HTTP/1.1\" 200 78 \"-\" \"-\"","service":"acquisitions-api"}
{"level":"info","message":"::1 - - [13/Feb/2026:07:32:03 +0000] \"GET /health HTTP/1.1\" 200 78 \"-\" \"-\"","service":"acquisitions-api"}
{"level":"info","message":"::1 - - [13/Feb/2026:07:32:33 +0000] \"GET /health HTTP/1.1\" 200 78 \"-\" \"-\"","service":"acquisitions-api"}
{"level":"info","message":"::1 - - [13/Feb/2026:07:33:04 +0000] \"GET /health HTTP/1.1\" 200 78 \"-\" \"-\"","service":"acquisitions-api"}
{"level":"info","message":"::1 - - [13/Feb/2026:07:33:34 +0000] \"GET /health HTTP/1.1\" 200 78 \"-\" \"-\"","service":"acquisitions-api"}
{"level":"info","message":"::1 - - [13/Feb/2026:07:34:04 +0000] \"GET /health HTTP/1.1\" 200 78 \"-\" \"-\"","service":"acquisitions-api"}
{"level":"info","message":"::1 - - [13/Feb/2026:07:34:34 +0000] \"GET /health HTTP/1.1\" 200 78 \"-\" \"-\"","service":"acquisitions-api"}
{"level":"info","message":"::1 - - [13/Feb/2026:07:35:04 +0000] \"GET /health HTTP/1.1\" 200 78 \"-\" \"-\"","service":"acquisitions-api"}
{"level":"info","message":"::1 - - [13/Feb/2026:07:35:35 +0000] \"GET /health HTTP/1.1\" 200 78 \"-\" \"-\"","service":"acquisitions-api"}
{"level":"info","message":"::1 - - [13/Feb/2026:07:36:05 +0000] \"GET /health HTTP/1.1\" 200 78 \"-\" \"-\"","service":"acquisitions-api"}
{"level":"info","message":"::1 - - [13/Feb/2026:07:36:35 +0000] \"GET /health HTTP/1.1\" 200 78 \"-\" \"-\"","service":"acquisitions-api"}
{"level":"info","message":"::1 - - [13/Feb/2026:07:37:05 +0000] \"GET /health HTTP/1.1\" 200 78 \"-\" \"-\"","service":"acquisitions-api"}
{"level":"info","message":"::1 - - [13/Feb/2026:07:37:36 +0000] \"GET /health HTTP/1.1\" 200 78 \"-\" \"-\"","service":"acquisitions-api"}
{"level":"info","message":"::1 - - [13/Feb/2026:07:38:06 +0000] \"GET /health HTTP/1.1\" 200 78 \"-\" \"-\"","service":"acquisitions-api"}
{"level":"info","message":"::1 - - [13/Feb/2026:07:38:36 +0000] \"GET /health HTTP/1.1\" 200 78 \"-\" \"-\"","service":"acquisitions-api"}
{"level":"info","message":"::1 - - [13/Feb/2026:07:39:06 +0000] \"GET /health HTTP/1.1\" 200 78 \"-\" \"-\"","service":"acquisitions-api"}
{"level":"info","message":"::1 - - [13/Feb/2026:07:39:36 +0000] \"GET /health HTTP/1.1\" 200 78 \"-\" \"-\"","service":"acquisitions-api"}
{"level":"info","message":"Hello from Acquisitions!","service":"acquisitions-api"}
{"level":"info","message":"::ffff:172.19.0.1 - - [13/Feb/2026:07:39:56 +0000] \"GET /?email=ontact%40gmail.com&name=tharaka&password=123456 HTTP/1.1\" 200 24 \"-\" \"HTTPie\"","service":"acquisitions-api"}
{"level":"info","message":"::1 - - [13/Feb/2026:07:40:07 +0000] \"GET /health HTTP/1.1\" 200 78 \"-\" \"-\"","service":"acquisitions-api"}
{"level":"info","message":"::1 - - [13/Feb/2026:07:40:37 +0000] \"GET /health HTTP/1.1\" 200 78 \"-\" \"-\"","service":"acquisitions-api"}
{"level":"info","message":"::1 - - [13/Feb/2026:07:41:07 +0000] \"GET /health HTTP/1.1\" 200 78 \"-\" \"-\"","service":"acquisitions-api"}
{"level":"info","message":"::1 - - [13/Feb/2026:07:41:37 +0000] \"GET /health HTTP/1.1\" 200 77 \"-\" \"-\"","service":"acquisitions-api"}
{"level":"info","message":"::1 - - [13/Feb/2026:07:42:07 +0000] \"GET /health HTTP/1.1\" 200 78 \"-\" \"-\"","service":"acquisitions-api"}
{"level":"info","message":"::1 - - [13/Feb/2026:07:42:38 +0000] \"GET /health HTTP/1.1\" 200 78 \"-\" \"-\"","service":"acquisitions-api"}
{"level":"info","message":"::1 - - [13/Feb/2026:07:43:08 +0000] \"GET /health HTTP/1.1\" 200 77 \"-\" \"-\"","service":"acquisitions-api"}
{"level":"info","message":"::1 - - [13/Feb/2026:07:43:38 +0000] \"GET /health HTTP/1.1\" 200 78 \"-\" \"-\"","service":"acquisitions-api"}
{"level":"info","message":"::1 - - [13/Feb/2026:07:44:08 +0000] \"GET /health HTTP/1.1\" 200 78 \"-\" \"-\"","service":"acquisitions-api"}
{"level":"info","message":"::1 - - [13/Feb/2026:07:44:39 +0000] \"GET /health HTTP/1.1\" 200 78 \"-\" \"-\"","service":"acquisitions-api"}
{"level":"info","message":"::1 - - [13/Feb/2026:07:45:09 +0000] \"GET /health HTTP/1.1\" 200 78 \"-\" \"-\"","service":"acquisitions-api"}
{"level":"info","message":"::1 - - [13/Feb/2026:07:45:39 +0000] \"GET /health HTTP/1.1\" 200 78 \"-\" \"-\"","service":"acquisitions-api"}
{"level":"info","message":"::1 - - [13/Feb/2026:07:46:09 +0000] \"GET /health HTTP/1.1\" 200 78 \"-\" \"-\"","service":"acquisitions-api"}
{"level":"info","message":"::1 - - [13/Feb/2026:07:46:39 +0000] \"GET /health HTTP/1.1\" 200 78 \"-\" \"-\"","service":"acquisitions-api"}
{"level":"info","message":"::1 - - [13/Feb/2026:07:47:10 +0000] \"GET /health HTTP/1.1\" 200 78 \"-\" \"-\"","service":"acquisitions-api"}
{"level":"info","message":"::1 - - [13/Feb/2026:07:47:40 +0000] \"GET /health HTTP/1.1\" 200 78 \"-\" \"-\"","service":"acquisitions-api"}
{"level":"info","message":"::1 - - [13/Feb/2026:07:48:10 +0000] \"GET /health HTTP/1.1\" 200 78 \"-\" \"-\"","service":"acquisitions-api"}
{"level":"info","message":"::1 - - [13/Feb/2026:07:48:41 +0000] \"GET /health HTTP/1.1\" 200 78 \"-\" \"-\"","service":"acquisitions-api"}
{"level":"info","message":"::1 - - [13/Feb/2026:07:49:11 +0000] \"GET /health HTTP/1.1\" 200 78 \"-\" \"-\"","service":"acquisitions-api"}
{"level":"info","message":"::1 - - [13/Feb/2026:07:49:41 +0000] \"GET /health HTTP/1.1\" 200 77 \"-\" \"-\"","service":"acquisitions-api"}
{"level":"info","message":"::1 - - [13/Feb/2026:07:50:11 +0000] \"GET /health HTTP/1.1\" 200 78 \"-\" \"-\"","service":"acquisitions-api"}
{"level":"info","message":"::1 - - [13/Feb/2026:07:50:41 +0000] \"GET /health HTTP/1.1\" 200 78 \"-\" \"-\"","service":"acquisitions-api"}
{"level":"info","message":"::1 - - [13/Feb/2026:07:51:12 +0000] \"GET /health HTTP/1.1\" 200 78 \"-\" \"-\"","service":"acquisitions-api"}
{"level":"info","message":"::1 - - [13/Feb/2026:07:51:42 +0000] \"GET /health HTTP/1.1\" 200 78 \"-\" \"-\"","service":"acquisitions-api"}
{"level":"info","message":"::1 - - [13/Feb/2026:07:52:12 +0000] \"GET /health HTTP/1.1\" 200 76 \"-\" \"-\"","service":"acquisitions-api"}
{"level":"info","message":"::1 - - [13/Feb/2026:07:52:42 +0000] \"GET /health HTTP/1.1\" 200 78 \"-\" \"-\"","service":"acquisitions-api"}
{"level":"info","message":"::1 - - [13/Feb/2026:07:53:12 +0000] \"GET /health HTTP/1.1\" 200 78 \"-\" \"-\"","service":"acquisitions-api"}
{"level":"info","message":"::1 - - [13/Feb/2026:07:53:43 +0000] \"GET /health HTTP/1.1\" 200 78 \"-\" \"-\"","service":"acquisitions-api"}
{"level":"info","message":"::1 - - [13/Feb/2026:07:54:13 +0000] \"GET /health HTTP/1.1\" 200 78 \"-\" \"-\"","service":"acquisitions-api"}
{"level":"info","message":"::1 - - [13/Feb/2026:07:54:43 +0000] \"GET /health HTTP/1.1\" 200 78 \"-\" \"-\"","service":"acquisitions-api"}
{"level":"info","message":"::1 - - [13/Feb/2026:07:55:14 +0000] \"GET /health HTTP/1.1\" 200 78 \"-\" \"-\"","service":"acquisitions-api"}
{"level":"info","message":"::1 - - [13/Feb/2026:07:55:44 +0000] \"GET /health HTTP/1.1\" 200 78 \"-\" \"-\"","service":"acquisitions-api"}
{"level":"info","message":"::1 - - [13/Feb/2026:07:56:14 +0000] \"GET /health HTTP/1.1\" 200 78 \"-\" \"-\"","service":"acquisitions-api"}
{"level":"info","message":"::1 - - [13/Feb/2026:07:56:44 +0000] \"GET /health HTTP/1.1\" 200 78 \"-\" \"-\"","service":"acquisitions-api"}
{"level":"info","message":"::1 - - [13/Feb/2026:07:57:15 +0000] \"GET /health HTTP/1.1\" 200 78 \"-\" \"-\"","service":"acquisitions-api"}
{"level":"info","message":"::1 - - [13/Feb/2026:07:57:45 +0000] \"GET /health HTTP/1.1\" 200 76 \"-\" \"-\"","service":"acquisitions-api"}
{"level":"info","message":"::1 - - [13/Feb/2026:07:58:15 +0000] \"GET /health HTTP/1.1\" 200 78 \"-\" \"-\"","service":"acquisitions-api"}
{"level":"info","message":"::1 - - [13/Feb/2026:07:58:45 +0000] \"GET /health HTTP/1.1\" 200 78 \"-\" \"-\"","service":"acquisitions-api"}
{"level":"info","message":"::1 - - [13/Feb/2026:07:59:16 +0000] \"GET /health HTTP/1.1\" 200 78 \"-\" \"-\"","service":"acquisitions-api"}
{"level":"info","message":"::1 - - [13/Feb/2026:07:59:46 +0000] \"GET /health HTTP/1.1\" 200 78 \"-\" \"-\"","service":"acquisitions-api"}
{"level":"info","message":"::1 - - [13/Feb/2026:08:00:16 +0000] \"GET /health HTTP/1.1\" 200 78 \"-\" \"-\"","service":"acquisitions-api"}
{"level":"info","message":"::1 - - [13/Feb/2026:08:00:46 +0000] \"GET /health HTTP/1.1\" 200 78 \"-\" \"-\"","service":"acquisitions-api"}
{"level":"info","message":"::1 - - [13/Feb/2026:08:01:17 +0000] \"GET /health HTTP/1.1\" 200 78 \"-\" \"-\"","service":"acquisitions-api"}
{"level":"info","message":"::1 - - [13/Feb/2026:08:01:47 +0000] \"GET /health HTTP/1.1\" 200 78 \"-\" \"-\"","service":"acquisitions-api"}
{"level":"info","message":"::1 - - [13/Feb/2026:08:02:17 +0000] \"GET /health HTTP/1.1\" 200 78 \"-\" \"-\"","service":"acquisitions-api"}
{"level":"info","message":"::1 - - [13/Feb/2026:08:02:47 +0000] \"GET /health HTTP/1.1\" 200 78 \"-\" \"-\"","service":"acquisitions-api"}
{"level":"info","message":"::1 - - [13/Feb/2026:08:03:18 +0000] \"GET /health HTTP/1.1\" 200 78 \"-\" \"-\"","service":"acquisitions-api"}
{"level":"info","message":"::1 - - [13/Feb/2026:08:03:48 +0000] \"GET /health HTTP/1.1\" 200 78 \"-\" \"-\"","service":"acquisitions-api"}
{"level":"info","message":"::1 - - [13/Feb/2026:08:04:18 +0000] \"GET /health HTTP/1.1\" 200 78 \"-\" \"-\"","service":"acquisitions-api"}
{"level":"info","message":"::1 - - [13/Feb/2026:08:04:48 +0000] \"GET /health HTTP/1.1\" 200 76 \"-\" \"-\"","service":"acquisitions-api"}
{"level":"info","message":"::1 - - [13/Feb/2026:08:05:18 +0000] \"GET /health HTTP/1.1\" 200 78 \"-\" \"-\"","service":"acquisitions-api"}
{"level":"info","message":"::1 - - [13/Feb/2026:08:05:49 +0000] \"GET /health HTTP/1.1\" 200 78 \"-\" \"-\"","service":"acquisitions-api"}
{"level":"info","message":"::1 - - [13/Feb/2026:08:06:19 +0000] \"GET /health HTTP/1.1\" 200 78 \"-\" \"-\"","service":"acquisitions-api"}
{"level":"info","message":"::1 - - [13/Feb/2026:08:06:49 +0000] \"GET /health HTTP/1.1\" 200 78 \"-\" \"-\"","service":"acquisitions-api"}
{"level":"info","message":"::1 - - [13/Feb/2026:08:07:19 +0000] \"GET /health HTTP/1.1\" 200 78 \"-\" \"-\"","service":"acquisitions-api"}
{"level":"info","message":"::1 - - [13/Feb/2026:08:07:49 +0000] \"GET /health HTTP/1.1\" 200 78 \"-\" \"-\"","service":"acquisitions-api"}
{"level":"info","message":"::1 - - [13/Feb/2026:08:08:20 +0000] \"GET /health HTTP/1.1\" 200 78 \"-\" \"-\"","service":"acquisitions-api"}
{"level":"info","message":"::ffff:172.19.0.1 - - [13/Feb/2026:08:08:40 +0000] \"GET /api/auth/sign-up?email=ontact%40gmail.com&name=tharaka&password=123456 HTTP/1.1\" 404 155 \"-\" \"HTTPie\"","service":"acquisitions-api"}
{"level":"info","message":"::1 - - [13/Feb/2026:08:08:50 +0000] \"GET /health HTTP/1.1\" 200 78 \"-\" \"-\"","service":"acquisitions-api"}
{"level":"error","message":"Error creating the user: Error: Failed query: select \"id\", \"name\", \"email\", \"password\", \"role\", \"created_at\", \"updated_at\" from \"users\" where \"users\".\"email\" = $1 limit $2\nparams: contacttharaka@gmail.com,1","service":"acquisitions-api"}
{"cause":{"name":"NeonDbError","sourceError":{}},"level":"error","message":"Signup error Failed query: select \"id\", \"name\", \"email\", \"password\", \"role\", \"created_at\", \"updated_at\" from \"users\" where \"users\".\"email\" = $1 limit $2\nparams: contacttharaka@gmail.com,1","params":["contacttharaka@gmail.com",1],"query":"select \"id\", \"name\", \"email\", \"password\", \"role\", \"created_at\", \"updated_at\" from \"users\" where \"users\".\"email\" = $1 limit $2","service":"acquisitions-api","stack":"Error: Failed query: select \"id\", \"name\", \"email\", \"password\", \"role\", \"created_at\", \"updated_at\" from \"users\" where \"users\".\"email\" = $1 limit $2\nparams: contacttharaka@gmail.com,1\n    at NeonHttpPreparedQuery.queryWithCache (file:///app/node_modules/drizzle-orm/pg-core/session.js:41:15)\n    at process.processTicksAndRejections (node:internal/process/task_queues:95:5)\n    at async NeonHttpPreparedQuery.execute (file:///app/node_modules/drizzle-orm/neon-http/session.js:45:20)\n    at async createUser (file:///app/src/services/auth.service.js:27:30)\n    at async signup (file:///app/src/controllers/auth.controller.js:21:22)"}
{"level":"info","message":"::ffff:172.19.0.1 - - [13/Feb/2026:08:08:59 +0000] \"POST /api/auth/sign-up?email=ontact%40gmail.com&name=tharaka&password=123456 HTTP/1.1\" 500 923 \"-\" \"HTTPie\"","service":"acquisitions-api"}
{"level":"info","message":"::1 - - [13/Feb/2026:08:09:20 +0000] \"GET /health HTTP/1.1\" 200 77 \"-\" \"-\"","service":"acquisitions-api"}
{"level":"error","message":"Error creating the user: Error: Failed query: select \"id\", \"name\", \"email\", \"password\", \"role\", \"created_at\", \"updated_at\" from \"users\" where \"users\".\"email\" = $1 limit $2\nparams: contacttharaka@gmail.com,1","service":"acquisitions-api"}
{"cause":{"name":"NeonDbError","sourceError":{}},"level":"error","message":"Signup error Failed query: select \"id\", \"name\", \"email\", \"password\", \"role\", \"created_at\", \"updated_at\" from \"users\" where \"users\".\"email\" = $1 limit $2\nparams: contacttharaka@gmail.com,1","params":["contacttharaka@gmail.com",1],"query":"select \"id\", \"name\", \"email\", \"password\", \"role\", \"created_at\", \"updated_at\" from \"users\" where \"users\".\"email\" = $1 limit $2","service":"acquisitions-api","stack":"Error: Failed query: select \"id\", \"name\", \"email\", \"password\", \"role\", \"created_at\", \"updated_at\" from \"users\" where \"users\".\"email\" = $1 limit $2\nparams: contacttharaka@gmail.com,1\n    at NeonHttpPreparedQuery.queryWithCache (file:///app/node_modules/drizzle-orm/pg-core/session.js:41:15)\n    at process.processTicksAndRejections (node:internal/process/task_queues:95:5)\n    at async NeonHttpPreparedQuery.execute (file:///app/node_modules/drizzle-orm/neon-http/session.js:45:20)\n    at async createUser (file:///app/src/services/auth.service.js:27:30)\n    at async signup (file:///app/src/controllers/auth.controller.js:21:22)"}
{"level":"info","message":"::ffff:172.19.0.1 - - [13/Feb/2026:08:09:49 +0000] \"POST /api/auth/sign-up?email=ontact%40gmail.com&name=tharaka&password=123456 HTTP/1.1\" 500 923 \"-\" \"HTTPie\"","service":"acquisitions-api"}
{"level":"info","message":"::1 - - [13/Feb/2026:08:09:50 +0000] \"GET /health HTTP/1.1\" 200 78 \"-\" \"-\"","service":"acquisitions-api"}
{"level":"info","message":"::1 - - [13/Feb/2026:08:10:20 +0000] \"GET /health HTTP/1.1\" 200 78 \"-\" \"-\"","service":"acquisitions-api"}
{"level":"info","message":"::1 - - [13/Feb/2026:08:10:51 +0000] \"GET /health HTTP/1.1\" 200 78 \"-\" \"-\"","service":"acquisitions-api"}
{"level":"error","message":"Error creating the user: Error: Failed query: select \"id\", \"name\", \"email\", \"password\", \"role\", \"created_at\", \"updated_at\" from \"users\" where \"users\".\"email\" = $1 limit $2\nparams: contacttharaka@gmail.com,1","service":"acquisitions-api"}
{"cause":{"name":"NeonDbError","sourceError":{}},"level":"error","message":"Signup error Failed query: select \"id\", \"name\", \"email\", \"password\", \"role\", \"created_at\", \"updated_at\" from \"users\" where \"users\".\"email\" = $1 limit $2\nparams: contacttharaka@gmail.com,1","params":["contacttharaka@gmail.com",1],"query":"select \"id\", \"name\", \"email\", \"password\", \"role\", \"created_at\", \"updated_at\" from \"users\" where \"users\".\"email\" = $1 limit $2","service":"acquisitions-api","stack":"Error: Failed query: select \"id\", \"name\", \"email\", \"password\", \"role\", \"created_at\", \"updated_at\" from \"users\" where \"users\".\"email\" = $1 limit $2\nparams: contacttharaka@gmail.com,1\n    at NeonHttpPreparedQuery.queryWithCache (file:///app/node_modules/drizzle-orm/pg-core/session.js:41:15)\n    at process.processTicksAndRejections (node:internal/process/task_queues:95:5)\n    at async NeonHttpPreparedQuery.execute (file:///app/node_modules/drizzle-orm/neon-http/session.js:45:20)\n    at async createUser (file:///app/src/services/auth.service.js:27:30)\n    at async signup (file:///app/src/controllers/auth.controller.js:21:22)"}
{"level":"info","message":"::ffff:172.19.0.1 - - [13/Feb/2026:08:11:14 +0000] \"POST /api/auth/sign-up?email=ontact%40gmail.com&name=tharaka&password=123456 HTTP/1.1\" 500 923 \"-\" \"HTTPie\"","service":"acquisitions-api"}
{"level":"error","message":"Error creating the user: Error: Failed query: select \"id\", \"name\", \"email\", \"password\", \"role\", \"created_at\", \"updated_at\" from \"users\" where \"users\".\"email\" = $1 limit $2\nparams: contacttharaka@gmail.com,1","service":"acquisitions-api"}
{"cause":{"name":"NeonDbError","sourceError":{}},"level":"error","message":"Signup error Failed query: select \"id\", \"name\", \"email\", \"password\", \"role\", \"created_at\", \"updated_at\" from \"users\" where \"users\".\"email\" = $1 limit $2\nparams: contacttharaka@gmail.com,1","params":["contacttharaka@gmail.com",1],"query":"select \"id\", \"name\", \"email\", \"password\", \"role\", \"created_at\", \"updated_at\" from \"users\" where \"users\".\"email\" = $1 limit $2","service":"acquisitions-api","stack":"Error: Failed query: select \"id\", \"name\", \"email\", \"password\", \"role\", \"created_at\", \"updated_at\" from \"users\" where \"users\".\"email\" = $1 limit $2\nparams: contacttharaka@gmail.com,1\n    at NeonHttpPreparedQuery.queryWithCache (file:///app/node_modules/drizzle-orm/pg-core/session.js:41:15)\n    at process.processTicksAndRejections (node:internal/process/task_queues:95:5)\n    at async NeonHttpPreparedQuery.execute (file:///app/node_modules/drizzle-orm/neon-http/session.js:45:20)\n    at async createUser (file:///app/src/services/auth.service.js:27:30)\n    at async signup (file:///app/src/controllers/auth.controller.js:21:22)"}
{"level":"info","message":"::ffff:172.19.0.1 - - [13/Feb/2026:08:11:15 +0000] \"POST /api/auth/sign-up?email=ontact%40gmail.com&name=tharaka&password=123456 HTTP/1.1\" 500 923 \"-\" \"HTTPie\"","service":"acquisitions-api"}
{"level":"error","message":"Error creating the user: Error: Failed query: select \"id\", \"name\", \"email\", \"password\", \"role\", \"created_at\", \"updated_at\" from \"users\" where \"users\".\"email\" = $1 limit $2\nparams: contacttharaka@gmail.com,1","service":"acquisitions-api"}
{"cause":{"name":"NeonDbError","sourceError":{}},"level":"error","message":"Signup error Failed query: select \"id\", \"name\", \"email\", \"password\", \"role\", \"created_at\", \"updated_at\" from \"users\" where \"users\".\"email\" = $1 limit $2\nparams: contacttharaka@gmail.com,1","params":["contacttharaka@gmail.com",1],"query":"select \"id\", \"name\", \"email\", \"password\", \"role\", \"created_at\", \"updated_at\" from \"users\" where \"users\".\"email\" = $1 limit $2","service":"acquisitions-api","stack":"Error: Failed query: select \"id\", \"name\", \"email\", \"password\", \"role\", \"created_at\", \"updated_at\" from \"users\" where \"users\".\"email\" = $1 limit $2\nparams: contacttharaka@gmail.com,1\n    at NeonHttpPreparedQuery.queryWithCache (file:///app/node_modules/drizzle-orm/pg-core/session.js:41:15)\n    at process.processTicksAndRejections (node:internal/process/task_queues:95:5)\n    at async NeonHttpPreparedQuery.execute (file:///app/node_modules/drizzle-orm/neon-http/session.js:45:20)\n    at async createUser (file:///app/src/services/auth.service.js:27:30)\n    at async signup (file:///app/src/controllers/auth.controller.js:21:22)"}
{"level":"info","message":"::ffff:172.19.0.1 - - [13/Feb/2026:08:11:16 +0000] \"POST /api/auth/sign-up?email=ontact%40gmail.com&name=tharaka&password=123456 HTTP/1.1\" 500 923 \"-\" \"HTTPie\"","service":"acquisitions-api"}
{"level":"error","message":"Error creating the user: Error: Failed query: select \"id\", \"name\", \"email\", \"password\", \"role\", \"created_at\", \"updated_at\" from \"users\" where \"users\".\"email\" = $1 limit $2\nparams: contacttharaka@gmail.com,1","service":"acquisitions-api"}
{"cause":{"name":"NeonDbError","sourceError":{}},"level":"error","message":"Signup error Failed query: select \"id\", \"name\", \"email\", \"password\", \"role\", \"created_at\", \"updated_at\" from \"users\" where \"users\".\"email\" = $1 limit $2\nparams: contacttharaka@gmail.com,1","params":["contacttharaka@gmail.com",1],"query":"select \"id\", \"name\", \"email\", \"password\", \"role\", \"created_at\", \"updated_at\" from \"users\" where \"users\".\"email\" = $1 limit $2","service":"acquisitions-api","stack":"Error: Failed query: select \"id\", \"name\", \"email\", \"password\", \"role\", \"created_at\", \"updated_at\" from \"users\" where \"users\".\"email\" = $1 limit $2\nparams: contacttharaka@gmail.com,1\n    at NeonHttpPreparedQuery.queryWithCache (file:///app/node_modules/drizzle-orm/pg-core/session.js:41:15)\n    at process.processTicksAndRejections (node:internal/process/task_queues:95:5)\n    at async NeonHttpPreparedQuery.execute (file:///app/node_modules/drizzle-orm/neon-http/session.js:45:20)\n    at async createUser (file:///app/src/services/auth.service.js:27:30)\n    at async signup (file:///app/src/controllers/auth.controller.js:21:22)"}
{"level":"info","message":"::ffff:172.19.0.1 - - [13/Feb/2026:08:11:16 +0000] \"POST /api/auth/sign-up?email=ontact%40gmail.com&name=tharaka&password=123456 HTTP/1.1\" 500 923 \"-\" \"HTTPie\"","service":"acquisitions-api"}
{"level":"error","message":"Error creating the user: Error: Failed query: select \"id\", \"name\", \"email\", \"password\", \"role\", \"created_at\", \"updated_at\" from \"users\" where \"users\".\"email\" = $1 limit $2\nparams: contacttharaka@gmail.com,1","service":"acquisitions-api"}
{"cause":{"name":"NeonDbError","sourceError":{}},"level":"error","message":"Signup error Failed query: select \"id\", \"name\", \"email\", \"password\", \"role\", \"created_at\", \"updated_at\" from \"users\" where \"users\".\"email\" = $1 limit $2\nparams: contacttharaka@gmail.com,1","params":["contacttharaka@gmail.com",1],"query":"select \"id\", \"name\", \"email\", \"password\", \"role\", \"created_at\", \"updated_at\" from \"users\" where \"users\".\"email\" = $1 limit $2","service":"acquisitions-api","stack":"Error: Failed query: select \"id\", \"name\", \"email\", \"password\", \"role\", \"created_at\", \"updated_at\" from \"users\" where \"users\".\"email\" = $1 limit $2\nparams: contacttharaka@gmail.com,1\n    at NeonHttpPreparedQuery.queryWithCache (file:///app/node_modules/drizzle-orm/pg-core/session.js:41:15)\n    at process.processTicksAndRejections (node:internal/process/task_queues:95:5)\n    at async NeonHttpPreparedQuery.execute (file:///app/node_modules/drizzle-orm/neon-http/session.js:45:20)\n    at async createUser (file:///app/src/services/auth.service.js:27:30)\n    at async signup (file:///app/src/controllers/auth.controller.js:21:22)"}
{"level":"info","message":"::ffff:172.19.0.1 - - [13/Feb/2026:08:11:16 +0000] \"POST /api/auth/sign-up?email=ontact%40gmail.com&name=tharaka&password=123456 HTTP/1.1\" 500 923 \"-\" \"HTTPie\"","service":"acquisitions-api"}
{"level":"info","message":"::1 - - [13/Feb/2026:08:11:21 +0000] \"GET /health HTTP/1.1\" 200 78 \"-\" \"-\"","service":"acquisitions-api"}
{"level":"info","message":"::1 - - [13/Feb/2026:08:11:51 +0000] \"GET /health HTTP/1.1\" 200 78 \"-\" \"-\"","service":"acquisitions-api"}
{"level":"info","message":"::1 - - [13/Feb/2026:08:12:21 +0000] \"GET /health HTTP/1.1\" 200 77 \"-\" \"-\"","service":"acquisitions-api"}
{"level":"error","message":"Error creating the user: Error: Failed query: select \"id\", \"name\", \"email\", \"password\", \"role\", \"created_at\", \"updated_at\" from \"users\" where \"users\".\"email\" = $1 limit $2\nparams: contacttharaka@gmail.com,1","service":"acquisitions-api"}
{"cause":{"name":"NeonDbError","sourceError":{}},"level":"error","message":"Signup error Failed query: select \"id\", \"name\", \"email\", \"password\", \"role\", \"created_at\", \"updated_at\" from \"users\" where \"users\".\"email\" = $1 limit $2\nparams: contacttharaka@gmail.com,1","params":["contacttharaka@gmail.com",1],"query":"select \"id\", \"name\", \"email\", \"password\", \"role\", \"created_at\", \"updated_at\" from \"users\" where \"users\".\"email\" = $1 limit $2","service":"acquisitions-api","stack":"Error: Failed query: select \"id\", \"name\", \"email\", \"password\", \"role\", \"created_at\", \"updated_at\" from \"users\" where \"users\".\"email\" = $1 limit $2\nparams: contacttharaka@gmail.com,1\n    at NeonHttpPreparedQuery.queryWithCache (file:///app/node_modules/drizzle-orm/pg-core/session.js:41:15)\n    at process.processTicksAndRejections (node:internal/process/task_queues:95:5)\n    at async NeonHttpPreparedQuery.execute (file:///app/node_modules/drizzle-orm/neon-http/session.js:45:20)\n    at async createUser (file:///app/src/services/auth.service.js:27:30)\n    at async signup (file:///app/src/controllers/auth.controller.js:21:22)"}
{"level":"info","message":"::ffff:172.19.0.1 - - [13/Feb/2026:08:12:45 +0000] \"POST /api/auth/sign-up?email=ontact%40gmail.com&name=tharaka&password=123456 HTTP/1.1\" 500 923 \"-\" \"HTTPie\"","service":"acquisitions-api"}
{"level":"info","message":"::1 - - [13/Feb/2026:08:12:52 +0000] \"GET /health HTTP/1.1\" 200 78 \"-\" \"-\"","service":"acquisitions-api"}
{"level":"info","message":"::1 - - [13/Feb/2026:08:13:22 +0000] \"GET /health HTTP/1.1\" 200 78 \"-\" \"-\"","service":"acquisitions-api"}
{"level":"info","message":"::1 - - [13/Feb/2026:08:13:52 +0000] \"GET /health HTTP/1.1\" 200 77 \"-\" \"-\"","service":"acquisitions-api"}
{"level":"info","message":"::1 - - [13/Feb/2026:08:14:22 +0000] \"GET /health HTTP/1.1\" 200 78 \"-\" \"-\"","service":"acquisitions-api"}
{"level":"info","message":"::1 - - [13/Feb/2026:08:14:53 +0000] \"GET /health HTTP/1.1\" 200 78 \"-\" \"-\"","service":"acquisitions-api"}
{"level":"info","message":"::1 - - [13/Feb/2026:08:15:23 +0000] \"GET /health HTTP/1.1\" 200 78 \"-\" \"-\"","service":"acquisitions-api"}
{"level":"info","message":"::1 - - [13/Feb/2026:08:20:41 +0000] \"GET /health HTTP/1.1\" 200 75 \"-\" \"-\"","service":"acquisitions-api"}
{"level":"error","message":"Error creating the user: Error: Failed query: select \"id\", \"name\", \"email\", \"password\", \"role\", \"created_at\", \"updated_at\" from \"users\" where \"users\".\"email\" = $1 limit $2\nparams: contacttharaka@gmail.com,1","service":"acquisitions-api"}
{"cause":{"name":"NeonDbError","sourceError":{}},"level":"error","message":"Signup error Failed query: select \"id\", \"name\", \"email\", \"password\", \"role\", \"created_at\", \"updated_at\" from \"users\" where \"users\".\"email\" = $1 limit $2\nparams: contacttharaka@gmail.com,1","params":["contacttharaka@gmail.com",1],"query":"select \"id\", \"name\", \"email\", \"password\", \"role\", \"created_at\", \"updated_at\" from \"users\" where \"users\".\"email\" = $1 limit $2","service":"acquisitions-api","stack":"Error: Failed query: select \"id\", \"name\", \"email\", \"password\", \"role\", \"created_at\", \"updated_at\" from \"users\" where \"users\".\"email\" = $1 limit $2\nparams: contacttharaka@gmail.com,1\n    at NeonHttpPreparedQuery.queryWithCache (file:///app/node_modules/drizzle-orm/pg-core/session.js:41:15)\n    at async NeonHttpPreparedQuery.execute (file:///app/node_modules/drizzle-orm/neon-http/session.js:45:20)\n    at async createUser (file:///app/src/services/auth.service.js:27:30)\n    at async signup (file:///app/src/controllers/auth.controller.js:21:22)"}
{"level":"info","message":"::ffff:172.19.0.1 - - [13/Feb/2026:08:20:42 +0000] \"POST /api/auth/sign-up?email=ontact%40gmail.com&name=tharaka&password=123456 HTTP/1.1\" 500 828 \"-\" \"HTTPie\"","service":"acquisitions-api"}
{"level":"error","message":"Error creating the user: Error: Failed query: select \"id\", \"name\", \"email\", \"password\", \"role\", \"created_at\", \"updated_at\" from \"users\" where \"users\".\"email\" = $1 limit $2\nparams: contacttharaka@gmail.com,1","service":"acquisitions-api"}
{"cause":{"name":"NeonDbError","sourceError":{}},"level":"error","message":"Signup error Failed query: select \"id\", \"name\", \"email\", \"password\", \"role\", \"created_at\", \"updated_at\" from \"users\" where \"users\".\"email\" = $1 limit $2\nparams: contacttharaka@gmail.com,1","params":["contacttharaka@gmail.com",1],"query":"select \"id\", \"name\", \"email\", \"password\", \"role\", \"created_at\", \"updated_at\" from \"users\" where \"users\".\"email\" = $1 limit $2","service":"acquisitions-api","stack":"Error: Failed query: select \"id\", \"name\", \"email\", \"password\", \"role\", \"created_at\", \"updated_at\" from \"users\" where \"users\".\"email\" = $1 limit $2\nparams: contacttharaka@gmail.com,1\n    at NeonHttpPreparedQuery.queryWithCache (file:///app/node_modules/drizzle-orm/pg-core/session.js:41:15)\n    at async NeonHttpPreparedQuery.execute (file:///app/node_modules/drizzle-orm/neon-http/session.js:45:20)\n    at async createUser (file:///app/src/services/auth.service.js:27:30)\n    at async signup (file:///app/src/controllers/auth.controller.js:21:22)"}
{"level":"info","message":"::ffff:172.19.0.1 - - [13/Feb/2026:08:20:43 +0000] \"POST /api/auth/sign-up?email=ontact%40gmail.com&name=tharaka&password=123456 HTTP/1.1\" 500 828 \"-\" \"HTTPie\"","service":"acquisitions-api"}
{"level":"error","message":"Error creating the user: Error: Failed query: select \"id\", \"name\", \"email\", \"password\", \"role\", \"created_at\", \"updated_at\" from \"users\" where \"users\".\"email\" = $1 limit $2\nparams: contacttharaka@gmail.com,1","service":"acquisitions-api"}
{"cause":{"name":"NeonDbError","sourceError":{}},"level":"error","message":"Signup error Failed query: select \"id\", \"name\", \"email\", \"password\", \"role\", \"created_at\", \"updated_at\" from \"users\" where \"users\".\"email\" = $1 limit $2\nparams: contacttharaka@gmail.com,1","params":["contacttharaka@gmail.com",1],"query":"select \"id\", \"name\", \"email\", \"password\", \"role\", \"created_at\", \"updated_at\" from \"users\" where \"users\".\"email\" = $1 limit $2","service":"acquisitions-api","stack":"Error: Failed query: select \"id\", \"name\", \"email\", \"password\", \"role\", \"created_at\", \"updated_at\" from \"users\" where \"users\".\"email\" = $1 limit $2\nparams: contacttharaka@gmail.com,1\n    at NeonHttpPreparedQuery.queryWithCache (file:///app/node_modules/drizzle-orm/pg-core/session.js:41:15)\n    at async NeonHttpPreparedQuery.execute (file:///app/node_modules/drizzle-orm/neon-http/session.js:45:20)\n    at async createUser (file:///app/src/services/auth.service.js:27:30)\n    at async signup (file:///app/src/controllers/auth.controller.js:21:22)"}
{"level":"info","message":"::ffff:172.19.0.1 - - [13/Feb/2026:08:20:44 +0000] \"POST /api/auth/sign-up?email=ontact%40gmail.com&name=tharaka&password=123456 HTTP/1.1\" 500 828 \"-\" \"HTTPie\"","service":"acquisitions-api"}
{"level":"error","message":"Error creating the user: Error: Failed query: select \"id\", \"name\", \"email\", \"password\", \"role\", \"created_at\", \"updated_at\" from \"users\" where \"users\".\"email\" = $1 limit $2\nparams: contacttharaka@gmail.com,1","service":"acquisitions-api"}
{"cause":{"name":"NeonDbError","sourceError":{}},"level":"error","message":"Signup error Failed query: select \"id\", \"name\", \"email\", \"password\", \"role\", \"created_at\", \"updated_at\" from \"users\" where \"users\".\"email\" = $1 limit $2\nparams: contacttharaka@gmail.com,1","params":["contacttharaka@gmail.com",1],"query":"select \"id\", \"name\", \"email\", \"password\", \"role\", \"created_at\", \"updated_at\" from \"users\" where \"users\".\"email\" = $1 limit $2","service":"acquisitions-api","stack":"Error: Failed query: select \"id\", \"name\", \"email\", \"password\", \"role\", \"created_at\", \"updated_at\" from \"users\" where \"users\".\"email\" = $1 limit $2\nparams: contacttharaka@gmail.com,1\n    at NeonHttpPreparedQuery.queryWithCache (file:///app/node_modules/drizzle-orm/pg-core/session.js:41:15)\n    at async NeonHttpPreparedQuery.execute (file:///app/node_modules/drizzle-orm/neon-http/session.js:45:20)\n    at async createUser (file:///app/src/services/auth.service.js:27:30)\n    at async signup (file:///app/src/controllers/auth.controller.js:21:22)"}
{"level":"info","message":"::ffff:172.19.0.1 - - [13/Feb/2026:08:20:44 +0000] \"POST /api/auth/sign-up?email=ontact%40gmail.com&name=tharaka&password=123456 HTTP/1.1\" 500 828 \"-\" \"HTTPie\"","service":"acquisitions-api"}
{"level":"info","message":"::1 - - [13/Feb/2026:08:21:11 +0000] \"GET /health HTTP/1.1\" 200 76 \"-\" \"-\"","service":"acquisitions-api"}
{"level":"info","message":"::1 - - [13/Feb/2026:08:21:41 +0000] \"GET /health HTTP/1.1\" 200 76 \"-\" \"-\"","service":"acquisitions-api"}
{"level":"info","message":"::1 - - [13/Feb/2026:08:22:11 +0000] \"GET /health HTTP/1.1\" 200 76 \"-\" \"-\"","service":"acquisitions-api"}
{"level":"info","message":"::1 - - [13/Feb/2026:08:22:42 +0000] \"GET /health HTTP/1.1\" 200 77 \"-\" \"-\"","service":"acquisitions-api"}
{"level":"info","message":"::1 - - [13/Feb/2026:08:23:12 +0000] \"GET /health HTTP/1.1\" 200 77 \"-\" \"-\"","service":"acquisitions-api"}
{"level":"info","message":"::1 - - [13/Feb/2026:08:23:42 +0000] \"GET /health HTTP/1.1\" 200 77 \"-\" \"-\"","service":"acquisitions-api"}
{"level":"info","message":"::1 - - [13/Feb/2026:08:24:12 +0000] \"GET /health HTTP/1.1\" 200 77 \"-\" \"-\"","service":"acquisitions-api"}
{"level":"info","message":"::1 - - [13/Feb/2026:08:24:42 +0000] \"GET /health HTTP/1.1\" 200 77 \"-\" \"-\"","service":"acquisitions-api"}
{"level":"info","message":"::1 - - [13/Feb/2026:08:25:13 +0000] \"GET /health HTTP/1.1\" 200 76 \"-\" \"-\"","service":"acquisitions-api"}
{"level":"error","message":"Error creating the user: Error: Failed query: select \"id\", \"name\", \"email\", \"password\", \"role\", \"created_at\", \"updated_at\" from \"users\" where \"users\".\"email\" = $1 limit $2\nparams: contacttharaka@gmail.com,1","service":"acquisitions-api"}
{"cause":{"name":"NeonDbError","sourceError":{}},"level":"error","message":"Signup error Failed query: select \"id\", \"name\", \"email\", \"password\", \"role\", \"created_at\", \"updated_at\" from \"users\" where \"users\".\"email\" = $1 limit $2\nparams: contacttharaka@gmail.com,1","params":["contacttharaka@gmail.com",1],"query":"select \"id\", \"name\", \"email\", \"password\", \"role\", \"created_at\", \"updated_at\" from \"users\" where \"users\".\"email\" = $1 limit $2","service":"acquisitions-api","stack":"Error: Failed query: select \"id\", \"name\", \"email\", \"password\", \"role\", \"created_at\", \"updated_at\" from \"users\" where \"users\".\"email\" = $1 limit $2\nparams: contacttharaka@gmail.com,1\n    at NeonHttpPreparedQuery.queryWithCache (file:///app/node_modules/drizzle-orm/pg-core/session.js:41:15)\n    at async NeonHttpPreparedQuery.execute (file:///app/node_modules/drizzle-orm/neon-http/session.js:45:20)\n    at async createUser (file:///app/src/services/auth.service.js:27:30)\n    at async signup (file:///app/src/controllers/auth.controller.js:21:22)"}
{"level":"info","message":"::ffff:172.19.0.1 - - [13/Feb/2026:08:25:27 +0000] \"POST /api/auth/sign-up?email=ontact%40gmail.com&name=tharaka&password=123456 HTTP/1.1\" 500 828 \"-\" \"HTTPie\"","service":"acquisitions-api"}
{"level":"error","message":"Error creating the user: Error: Failed query: select \"id\", \"name\", \"email\", \"password\", \"role\", \"created_at\", \"updated_at\" from \"users\" where \"users\".\"email\" = $1 limit $2\nparams: contacttharaka@gmail.com,1","service":"acquisitions-api"}
{"cause":{"name":"NeonDbError","sourceError":{}},"level":"error","message":"Signup error Failed query: select \"id\", \"name\", \"email\", \"password\", \"role\", \"created_at\", \"updated_at\" from \"users\" where \"users\".\"email\" = $1 limit $2\nparams: contacttharaka@gmail.com,1","params":["contacttharaka@gmail.com",1],"query":"select \"id\", \"name\", \"email\", \"password\", \"role\", \"created_at\", \"updated_at\" from \"users\" where \"users\".\"email\" = $1 limit $2","service":"acquisitions-api","stack":"Error: Failed query: select \"id\", \"name\", \"email\", \"password\", \"role\", \"created_at\", \"updated_at\" from \"users\" where \"users\".\"email\" = $1 limit $2\nparams: contacttharaka@gmail.com,1\n    at NeonHttpPreparedQuery.queryWithCache (file:///app/node_modules/drizzle-orm/pg-core/session.js:41:15)\n    at async NeonHttpPreparedQuery.execute (file:///app/node_modules/drizzle-orm/neon-http/session.js:45:20)\n    at async createUser (file:///app/src/services/auth.service.js:27:30)\n    at async signup (file:///app/src/controllers/auth.controller.js:21:22)"}
{"level":"info","message":"::ffff:172.19.0.1 - - [13/Feb/2026:08:25:33 +0000] \"POST /api/auth/sign-up?email=ontact%40gmail.com&name=tharaka&password=123456 HTTP/1.1\" 500 828 \"-\" \"HTTPie\"","service":"acquisitions-api"}
{"level":"error","message":"Error creating the user: Error: Failed query: select \"id\", \"name\", \"email\", \"password\", \"role\", \"created_at\", \"updated_at\" from \"users\" where \"users\".\"email\" = $1 limit $2\nparams: contacttharaka@gmail.com,1","service":"acquisitions-api"}
{"cause":{"name":"NeonDbError","sourceError":{}},"level":"error","message":"Signup error Failed query: select \"id\", \"name\", \"email\", \"password\", \"role\", \"created_at\", \"updated_at\" from \"users\" where \"users\".\"email\" = $1 limit $2\nparams: contacttharaka@gmail.com,1","params":["contacttharaka@gmail.com",1],"query":"select \"id\", \"name\", \"email\", \"password\", \"role\", \"created_at\", \"updated_at\" from \"users\" where \"users\".\"email\" = $1 limit $2","service":"acquisitions-api","stack":"Error: Failed query: select \"id\", \"name\", \"email\", \"password\", \"role\", \"created_at\", \"updated_at\" from \"users\" where \"users\".\"email\" = $1 limit $2\nparams: contacttharaka@gmail.com,1\n    at NeonHttpPreparedQuery.queryWithCache (file:///app/node_modules/drizzle-orm/pg-core/session.js:41:15)\n    at async NeonHttpPreparedQuery.execute (file:///app/node_modules/drizzle-orm/neon-http/session.js:45:20)\n    at async createUser (file:///app/src/services/auth.service.js:27:30)\n    at async signup (file:///app/src/controllers/auth.controller.js:21:22)"}
{"level":"info","message":"::ffff:172.19.0.1 - - [13/Feb/2026:08:25:33 +0000] \"POST /api/auth/sign-up?email=ontact%40gmail.com&name=tharaka&password=123456 HTTP/1.1\" 500 828 \"-\" \"HTTPie\"","service":"acquisitions-api"}
{"level":"error","message":"Error creating the user: Error: Failed query: select \"id\", \"name\", \"email\", \"password\", \"role\", \"created_at\", \"updated_at\" from \"users\" where \"users\".\"email\" = $1 limit $2\nparams: contacttharaka@gmail.com,1","service":"acquisitions-api"}
{"cause":{"name":"NeonDbError","sourceError":{}},"level":"error","message":"Signup error Failed query: select \"id\", \"name\", \"email\", \"password\", \"role\", \"created_at\", \"updated_at\" from \"users\" where \"users\".\"email\" = $1 limit $2\nparams: contacttharaka@gmail.com,1","params":["contacttharaka@gmail.com",1],"query":"select \"id\", \"name\", \"email\", \"password\", \"role\", \"created_at\", \"updated_at\" from \"users\" where \"users\".\"email\" = $1 limit $2","service":"acquisitions-api","stack":"Error: Failed query: select \"id\", \"name\", \"email\", \"password\", \"role\", \"created_at\", \"updated_at\" from \"users\" where \"users\".\"email\" = $1 limit $2\nparams: contacttharaka@gmail.com,1\n    at NeonHttpPreparedQuery.queryWithCache (file:///app/node_modules/drizzle-orm/pg-core/session.js:41:15)\n    at async NeonHttpPreparedQuery.execute (file:///app/node_modules/drizzle-orm/neon-http/session.js:45:20)\n    at async createUser (file:///app/src/services/auth.service.js:27:30)\n    at async signup (file:///app/src/controllers/auth.controller.js:21:22)"}
{"level":"info","message":"::ffff:172.19.0.1 - - [13/Feb/2026:08:25:34 +0000] \"POST /api/auth/sign-up?email=ontact%40gmail.com&name=tharaka&password=123456 HTTP/1.1\" 500 828 \"-\" \"HTTPie\"","service":"acquisitions-api"}
{"level":"error","message":"Error creating the user: Error: Failed query: select \"id\", \"name\", \"email\", \"password\", \"role\", \"created_at\", \"updated_at\" from \"users\" where \"users\".\"email\" = $1 limit $2\nparams: contacttharaka@gmail.com,1","service":"acquisitions-api"}
{"cause":{"name":"NeonDbError","sourceError":{}},"level":"error","message":"Signup error Failed query: select \"id\", \"name\", \"email\", \"password\", \"role\", \"created_at\", \"updated_at\" from \"users\" where \"users\".\"email\" = $1 limit $2\nparams: contacttharaka@gmail.com,1","params":["contacttharaka@gmail.com",1],"query":"select \"id\", \"name\", \"email\", \"password\", \"role\", \"created_at\", \"updated_at\" from \"users\" where \"users\".\"email\" = $1 limit $2","service":"acquisitions-api","stack":"Error: Failed query: select \"id\", \"name\", \"email\", \"password\", \"role\", \"created_at\", \"updated_at\" from \"users\" where \"users\".\"email\" = $1 limit $2\nparams: contacttharaka@gmail.com,1\n    at NeonHttpPreparedQuery.queryWithCache (file:///app/node_modules/drizzle-orm/pg-core/session.js:41:15)\n    at async NeonHttpPreparedQuery.execute (file:///app/node_modules/drizzle-orm/neon-http/session.js:45:20)\n    at async createUser (file:///app/src/services/auth.service.js:27:30)\n    at async signup (file:///app/src/controllers/auth.controller.js:21:22)"}
{"level":"info","message":"::ffff:172.19.0.1 - - [13/Feb/2026:08:25:34 +0000] \"POST /api/auth/sign-up?email=ontact%40gmail.com&name=tharaka&password=123456 HTTP/1.1\" 500 828 \"-\" \"HTTPie\"","service":"acquisitions-api"}
{"level":"error","message":"Error creating the user: Error: Failed query: select \"id\", \"name\", \"email\", \"password\", \"role\", \"created_at\", \"updated_at\" from \"users\" where \"users\".\"email\" = $1 limit $2\nparams: contacttharaka@gmail.com,1","service":"acquisitions-api"}
{"cause":{"name":"NeonDbError","sourceError":{}},"level":"error","message":"Signup error Failed query: select \"id\", \"name\", \"email\", \"password\", \"role\", \"created_at\", \"updated_at\" from \"users\" where \"users\".\"email\" = $1 limit $2\nparams: contacttharaka@gmail.com,1","params":["contacttharaka@gmail.com",1],"query":"select \"id\", \"name\", \"email\", \"password\", \"role\", \"created_at\", \"updated_at\" from \"users\" where \"users\".\"email\" = $1 limit $2","service":"acquisitions-api","stack":"Error: Failed query: select \"id\", \"name\", \"email\", \"password\", \"role\", \"created_at\", \"updated_at\" from \"users\" where \"users\".\"email\" = $1 limit $2\nparams: contacttharaka@gmail.com,1\n    at NeonHttpPreparedQuery.queryWithCache (file:///app/node_modules/drizzle-orm/pg-core/session.js:41:15)\n    at async NeonHttpPreparedQuery.execute (file:///app/node_modules/drizzle-orm/neon-http/session.js:45:20)\n    at async createUser (file:///app/src/services/auth.service.js:27:30)\n    at async signup (file:///app/src/controllers/auth.controller.js:21:22)"}
{"level":"info","message":"::ffff:172.19.0.1 - - [13/Feb/2026:08:25:34 +0000] \"POST /api/auth/sign-up?email=ontact%40gmail.com&name=tharaka&password=123456 HTTP/1.1\" 500 828 \"-\" \"HTTPie\"","service":"acquisitions-api"}
{"level":"error","message":"Error creating the user: Error: Failed query: select \"id\", \"name\", \"email\", \"password\", \"role\", \"created_at\", \"updated_at\" from \"users\" where \"users\".\"email\" = $1 limit $2\nparams: contacttharaka@gmail.com,1","service":"acquisitions-api"}
{"cause":{"name":"NeonDbError","sourceError":{}},"level":"error","message":"Signup error Failed query: select \"id\", \"name\", \"email\", \"password\", \"role\", \"created_at\", \"updated_at\" from \"users\" where \"users\".\"email\" = $1 limit $2\nparams: contacttharaka@gmail.com,1","params":["contacttharaka@gmail.com",1],"query":"select \"id\", \"name\", \"email\", \"password\", \"role\", \"created_at\", \"updated_at\" from \"users\" where \"users\".\"email\" = $1 limit $2","service":"acquisitions-api","stack":"Error: Failed query: select \"id\", \"name\", \"email\", \"password\", \"role\", \"created_at\", \"updated_at\" from \"users\" where \"users\".\"email\" = $1 limit $2\nparams: contacttharaka@gmail.com,1\n    at NeonHttpPreparedQuery.queryWithCache (file:///app/node_modules/drizzle-orm/pg-core/session.js:41:15)\n    at async NeonHttpPreparedQuery.execute (file:///app/node_modules/drizzle-orm/neon-http/session.js:45:20)\n    at async createUser (file:///app/src/services/auth.service.js:27:30)\n    at async signup (file:///app/src/controllers/auth.controller.js:21:22)"}
{"level":"info","message":"::ffff:172.19.0.1 - - [13/Feb/2026:08:25:35 +0000] \"POST /api/auth/sign-up?email=ontact%40gmail.com&name=tharaka&password=123456 HTTP/1.1\" 500 828 \"-\" \"HTTPie\"","service":"acquisitions-api"}
{"ip":"::ffff:172.19.0.1","level":"warn","message":"Rate limit exceeded","path":"/api/auth/sign-up","service":"acquisitions-api","userAgent":"HTTPie"}
{"ip":"::ffff:172.19.0.1","level":"warn","message":"Rate limit exceeded","path":"/api/auth/sign-up","service":"acquisitions-api","userAgent":"HTTPie"}
{"ip":"::ffff:172.19.0.1","level":"warn","message":"Rate limit exceeded","path":"/api/auth/sign-up","service":"acquisitions-api","userAgent":"HTTPie"}
{"ip":"::ffff:172.19.0.1","level":"warn","message":"Rate limit exceeded","path":"/api/auth/sign-up","service":"acquisitions-api","userAgent":"HTTPie"}
{"level":"info","message":"::1 - - [13/Feb/2026:08:25:43 +0000] \"GET /health HTTP/1.1\" 200 77 \"-\" \"-\"","service":"acquisitions-api"}
{"level":"info","message":"::1 - - [13/Feb/2026:08:26:13 +0000] \"GET /health HTTP/1.1\" 200 77 \"-\" \"-\"","service":"acquisitions-api"}
{"level":"info","message":"::1 - - [13/Feb/2026:08:26:43 +0000] \"GET /health HTTP/1.1\" 200 77 \"-\" \"-\"","service":"acquisitions-api"}
{"level":"error","message":"Error creating the user: Error: Failed query: select \"id\", \"name\", \"email\", \"password\", \"role\", \"created_at\", \"updated_at\" from \"users\" where \"users\".\"email\" = $1 limit $2\nparams: contacttharaka@gmail.com,1","service":"acquisitions-api"}
{"cause":{"name":"NeonDbError","sourceError":{}},"level":"error","message":"Signup error Failed query: select \"id\", \"name\", \"email\", \"password\", \"role\", \"created_at\", \"updated_at\" from \"users\" where \"users\".\"email\" = $1 limit $2\nparams: contacttharaka@gmail.com,1","params":["contacttharaka@gmail.com",1],"query":"select \"id\", \"name\", \"email\", \"password\", \"role\", \"created_at\", \"updated_at\" from \"users\" where \"users\".\"email\" = $1 limit $2","service":"acquisitions-api","stack":"Error: Failed query: select \"id\", \"name\", \"email\", \"password\", \"role\", \"created_at\", \"updated_at\" from \"users\" where \"users\".\"email\" = $1 limit $2\nparams: contacttharaka@gmail.com,1\n    at NeonHttpPreparedQuery.queryWithCache (file:///app/node_modules/drizzle-orm/pg-core/session.js:41:15)\n    at async NeonHttpPreparedQuery.execute (file:///app/node_modules/drizzle-orm/neon-http/session.js:45:20)\n    at async createUser (file:///app/src/services/auth.service.js:27:30)\n    at async signup (file:///app/src/controllers/auth.controller.js:21:22)"}
{"level":"info","message":"::ffff:172.19.0.1 - - [13/Feb/2026:08:26:59 +0000] \"POST /api/auth/sign-up?email=ontact%40gmail.com&name=tharaka&password=123456 HTTP/1.1\" 500 828 \"-\" \"HTTPie\"","service":"acquisitions-api"}
{"level":"info","message":"::1 - - [13/Feb/2026:08:27:14 +0000] \"GET /health HTTP/1.1\" 200 77 \"-\" \"-\"","service":"acquisitions-api"}
{"level":"info","message":"User contacttharaka@gmail.com created successfully","service":"acquisitions-api"}
{"level":"info","message":"User registered successfully: contacttharaka@gmail.com","service":"acquisitions-api"}
{"level":"info","message":"::1 - - [13/Feb/2026:08:35:35 +0000] \"POST /api/auth/sign-up?email=ontact%40gmail.com&name=tharaka&password=123456 HTTP/1.1\" 201 111 \"-\" \"HTTPie\"","service":"acquisitions-api"}
{"level":"info","message":"::1 - - [13/Feb/2026:13:30:50 +0000] \"GET /users HTTP/1.1\" 404 144 \"-\" \"Mozilla/5.0 (Windows NT 10.0; Win64; x64) AppleWebKit/537.36 (KHTML, like Gecko) Chrome/144.0.0.0 Safari/537.36 Edg/144.0.0.0\"","service":"acquisitions-api"}
{"level":"info","message":"Getting users ...","service":"acquisitions-api"}
{"level":"info","message":"::1 - - [13/Feb/2026:13:31:36 +0000] \"GET /api/users HTTP/1.1\" 200 363 \"-\" \"Mozilla/5.0 (Windows NT 10.0; Win64; x64) AppleWebKit/537.36 (KHTML, like Gecko) Chrome/144.0.0.0 Safari/537.36 Edg/144.0.0.0\"","service":"acquisitions-api"}
{"level":"info","message":"::1 - - [13/Feb/2026:15:36:14 +0000] \"GET /api/users/1 HTTP/1.1\" 401 61 \"-\" \"Mozilla/5.0 (Windows NT 10.0; Win64; x64) AppleWebKit/537.36 (KHTML, like Gecko) Chrome/144.0.0.0 Safari/537.36 Edg/144.0.0.0\"","service":"acquisitions-api"}
{"level":"info","message":"User contacttharaka@gmail.com authenticated successfully","service":"acquisitions-api"}
{"level":"info","message":"User signed in successfully: contacttharaka@gmail.com","service":"acquisitions-api"}
{"level":"info","message":"::1 - - [13/Feb/2026:15:38:41 +0000] \"POST /api/auth/sign-in?email=ontact%40gmail.com&name=tharaka&password=123456 HTTP/1.1\" 200 123 \"-\" \"HTTPie\"","service":"acquisitions-api"}
{"level":"info","message":"::1 - - [13/Feb/2026:15:40:22 +0000] \"GET /api/users/2?email=ontact%40gmail.com&name=tharaka&password=123456 HTTP/1.1\" 401 61 \"-\" \"HTTPie\"","service":"acquisitions-api"}
{"level":"info","message":"::1 - - [13/Feb/2026:15:40:31 +0000] \"GET /api/users/2?email=ontact%40gmail.com&name=tharaka&password=123456 HTTP/1.1\" 401 61 \"-\" \"HTTPie\"","service":"acquisitions-api"}
{"level":"info","message":"::1 - - [13/Feb/2026:15:40:45 +0000] \"GET /api/users/1?email=ontact%40gmail.com&name=tharaka&password=123456 HTTP/1.1\" 401 61 \"-\" \"HTTPie\"","service":"acquisitions-api"}
{"level":"info","message":"::1 - - [13/Feb/2026:15:41:23 +0000] \"GET /api/users/1?email=ontact%40gmail.com&name=tharaka&password=123456 HTTP/1.1\" 401 61 \"-\" \"HTTPie\"","service":"acquisitions-api"}
{"level":"info","message":"::1 - - [13/Feb/2026:15:41:59 +0000] \"GET /api/users/1?email=ontact%40gmail.com&name=tharaka&password=123456 HTTP/1.1\" 401 61 \"-\" \"HTTPie\"","service":"acquisitions-api"}
{"level":"info","message":"::1 - - [13/Feb/2026:15:42:06 +0000] \"GET /api/users/2?email=ontact%40gmail.com&name=tharaka&password=123456 HTTP/1.1\" 401 61 \"-\" \"HTTPie\"","service":"acquisitions-api"}
{"level":"info","message":"::1 - - [13/Feb/2026:15:42:56 +0000] \"GET /api/users/2?email=ontact%40gmail.com&name=tharaka&password=123456 HTTP/1.1\" 401 61 \"-\" \"HTTPie\"","service":"acquisitions-api"}
{"level":"info","message":"User contacttharaka@gmail.com authenticated successfully","service":"acquisitions-api"}
{"level":"info","message":"User signed in successfully: contacttharaka@gmail.com","service":"acquisitions-api"}
{"level":"info","message":"::1 - - [13/Feb/2026:15:43:23 +0000] \"POST /api/auth/sign-in?email=ontact%40gmail.com&name=tharaka&password=123456 HTTP/1.1\" 200 123 \"-\" \"HTTPie\"","service":"acquisitions-api"}
{"level":"info","message":"::1 - - [13/Feb/2026:15:44:03 +0000] \"GET /api/users/2?email=ontact%40gmail.com&name=tharaka&password=123456 HTTP/1.1\" 401 61 \"-\" \"HTTPie\"","service":"acquisitions-api"}
{"level":"info","message":"::1 - - [13/Feb/2026:15:46:40 +0000] \"GET /api/users/2?email=ontact%40gmail.com&name=tharaka&password=123456 HTTP/1.1\" 401 61 \"-\" \"HTTPie\"","service":"acquisitions-api"}
{"level":"info","message":"::1 - - [13/Feb/2026:15:46:45 +0000] \"GET /api/users/2?email=ontact%40gmail.com&name=tharaka&password=123456 HTTP/1.1\" 401 61 \"-\" \"HTTPie\"","service":"acquisitions-api"}
{"level":"info","message":"User contacttharaka@gmail.com authenticated successfully","service":"acquisitions-api"}
{"level":"info","message":"User signed in successfully: contacttharaka@gmail.com","service":"acquisitions-api"}
{"level":"info","message":"::1 - - [13/Feb/2026:15:47:03 +0000] \"POST /api/auth/sign-in?email=ontact%40gmail.com&name=tharaka&password=123456 HTTP/1.1\" 200 123 \"-\" \"HTTPie\"","service":"acquisitions-api"}
{"level":"info","message":"::1 - - [13/Feb/2026:15:48:14 +0000] \"GET /api/users/2?email=ontact%40gmail.com&name=tharaka&password=123456 HTTP/1.1\" 401 61 \"-\" \"HTTPie\"","service":"acquisitions-api"}
{"level":"info","message":"::1 - - [13/Feb/2026:15:48:30 +0000] \"GET /api/users/2?email=ontact%40gmail.com&name=tharaka&password=123456 HTTP/1.1\" 401 61 \"-\" \"HTTPie\"","service":"acquisitions-api"}
{"level":"info","message":"::1 - - [13/Feb/2026:15:50:01 +0000] \"GET /api/users/2?email=ontact%40gmail.com&name=tharaka&password=123456 HTTP/1.1\" 401 61 \"-\" \"HTTPie\"","service":"acquisitions-api"}
{"level":"info","message":"::1 - - [13/Feb/2026:15:51:00 +0000] \"GET /api/users/2?email=ontact%40gmail.com&name=tharaka&password=123456 HTTP/1.1\" 401 61 \"-\" \"HTTPie\"","service":"acquisitions-api"}
{"level":"info","message":"::1 - - [13/Feb/2026:15:51:04 +0000] \"GET /api/users/2?email=ontact%40gmail.com&name=tharaka&password=123456 HTTP/1.1\" 401 61 \"-\" \"HTTPie\"","service":"acquisitions-api"}
{"level":"info","message":"::1 - - [13/Feb/2026:15:51:48 +0000] \"GET /api/auth/sign-in?email=ontact%40gmail.com&name=tharaka&password=123456 HTTP/1.1\" 404 155 \"-\" \"HTTPie\"","service":"acquisitions-api"}
{"level":"info","message":"::1 - - [13/Feb/2026:15:51:55 +0000] \"GET /api/auth/sign-in?email=ontact%40gmail.com&name=tharaka&password=123456 HTTP/1.1\" 404 155 \"-\" \"HTTPie\"","service":"acquisitions-api"}
{"level":"info","message":"User contacttharaka@gmail.com authenticated successfully","service":"acquisitions-api"}
{"level":"info","message":"User signed in successfully: contacttharaka@gmail.com","service":"acquisitions-api"}
{"level":"info","message":"::1 - - [13/Feb/2026:15:52:03 +0000] \"POST /api/auth/sign-in?email=ontact%40gmail.com&name=tharaka&password=123456 HTTP/1.1\" 200 123 \"-\" \"HTTPie\"","service":"acquisitions-api"}
{"level":"info","message":"::1 - - [13/Feb/2026:15:52:37 +0000] \"GET /api/users/2?email=ontact%40gmail.com&name=tharaka&password=123456 HTTP/1.1\" 401 61 \"-\" \"HTTPie\"","service":"acquisitions-api"}
{"level":"info","message":"::1 - - [13/Feb/2026:15:54:49 +0000] \"GET /api/users/2?email=ontact%40gmail.com&name=tharaka&password=123456 HTTP/1.1\" 401 61 \"-\" \"HTTPie\"","service":"acquisitions-api"}
{"level":"info","message":"::1 - - [13/Feb/2026:15:54:51 +0000] \"GET /api/users/2?email=ontact%40gmail.com&name=tharaka&password=123456 HTTP/1.1\" 401 61 \"-\" \"HTTPie\"","service":"acquisitions-api"}
{"level":"info","message":"::1 - - [13/Feb/2026:15:55:08 +0000] \"GET /api/users/2?email=ontact%40gmail.com&name=tharaka&password=123456 HTTP/1.1\" 401 61 \"-\" \"HTTPie\"","service":"acquisitions-api"}
